0 verbose cli C:\Program Files\nodejs\node.exe C:\Program Files\nodejs\node_modules\npm\bin\npm-cli.js
1 info using npm@11.7.0
2 info using node@v25.4.0
3 silly config load:file:C:\Program Files\nodejs\node_modules\npm\npmrc
4 silly config load:file:C:\Users\VICTUS\OneDrive\Desktop\PROJECTS\NAPLET\naplet\.npmrc
5 silly config load:file:C:\Users\VICTUS\.npmrc
6 silly config load:file:C:\Users\VICTUS\AppData\Roaming\npm\etc\npmrc
7 verbose title npm install unicornstudio-react
8 verbose argv "install" "unicornstudio-react" "--cache" "C:\\Users\\VICTUS\\OneDrive\\Desktop\\PROJECTS\\NAPLET\\naplet\\.npm-cache"
9 verbose logfile logs-max:10 dir:C:\Users\VICTUS\OneDrive\Desktop\PROJECTS\NAPLET\naplet\.npm-cache\_logs\2026-03-22T15_41_49_295Z-
10 verbose logfile C:\Users\VICTUS\OneDrive\Desktop\PROJECTS\NAPLET\naplet\.npm-cache\_logs\2026-03-22T15_41_49_295Z-debug-0.log
11 silly logfile done cleaning log files
12 silly packumentCache heap:4496293888 maxSize:1124073472 maxEntrySize:562036736
13 silly idealTree buildDeps
14 silly fetch manifest unicornstudio-react@*
15 silly packumentCache full:https://registry.npmjs.org/unicornstudio-react cache-miss
16 http fetch GET https://registry.npmjs.org/npm attempt 1 failed with EACCES
17 http fetch GET https://registry.npmjs.org/unicornstudio-react attempt 1 failed with EACCES
18 http fetch GET https://registry.npmjs.org/npm attempt 2 failed with EACCES
19 http fetch GET https://registry.npmjs.org/unicornstudio-react attempt 2 failed with EACCES
20 http fetch GET https://registry.npmjs.org/npm attempt 3 failed with EACCES
21 http fetch GET https://registry.npmjs.org/unicornstudio-react attempt 3 failed with EACCES
22 silly placeDep ROOT unicornstudio-react@ OK for: naplet@0.1.0 want: *
23 silly fetch manifest yaml@^2.4.2
24 silly packumentCache full:https://registry.npmjs.org/yaml cache-miss
25 http fetch GET https://registry.npmjs.org/yaml attempt 1 failed with EACCES
26 http fetch GET https://registry.npmjs.org/yaml attempt 2 failed with EACCES
