0 verbose cli C:\Program Files\nodejs\node.exe C:\Program Files\nodejs\node_modules\npm\bin\npm-cli.js
1 info using npm@11.7.0
2 info using node@v25.4.0
3 silly config load:file:C:\Program Files\nodejs\node_modules\npm\npmrc
4 silly config load:file:C:\Users\VICTUS\OneDrive\Desktop\PROJECTS\NAPLET\naplet\.npmrc
5 silly config load:file:C:\Users\VICTUS\.npmrc
6 silly config load:file:C:\Users\VICTUS\AppData\Roaming\npm\etc\npmrc
7 verbose title npm install unicornstudio-react
8 verbose argv "install" "unicornstudio-react" "--cache" "C:\\Users\\VICTUS\\OneDrive\\Desktop\\PROJECTS\\NAPLET\\naplet\\.npm-cache"
9 verbose logfile logs-max:10 dir:C:\Users\VICTUS\OneDrive\Desktop\PROJECTS\NAPLET\naplet\.npm-cache\_logs\2026-03-22T15_43_55_196Z-
10 verbose logfile C:\Users\VICTUS\OneDrive\Desktop\PROJECTS\NAPLET\naplet\.npm-cache\_logs\2026-03-22T15_43_55_196Z-debug-0.log
11 silly logfile done cleaning log files
12 silly packumentCache heap:4496293888 maxSize:1124073472 maxEntrySize:562036736
13 silly idealTree buildDeps
14 silly fetch manifest unicornstudio-react@*
15 silly packumentCache full:https://registry.npmjs.org/unicornstudio-react cache-miss
16 http fetch GET https://registry.npmjs.org/unicornstudio-react attempt 1 failed with EACCES
17 http fetch GET https://registry.npmjs.org/unicornstudio-react attempt 2 failed with EACCES
18 http fetch GET https://registry.npmjs.org/unicornstudio-react attempt 3 failed with EACCES
19 silly placeDep ROOT unicornstudio-react@ OK for: naplet@0.1.0 want: *
20 silly fetch manifest yaml@^2.4.2
21 silly packumentCache full:https://registry.npmjs.org/yaml cache-miss
22 http fetch GET https://registry.npmjs.org/yaml attempt 1 failed with EACCES
23 http fetch GET https://registry.npmjs.org/yaml attempt 2 failed with EACCES
24 http fetch GET https://registry.npmjs.org/yaml attempt 3 failed with EACCES
25 silly placeDep node_modules/tailwindcss yaml@ OK for: postcss-load-config@6.0.1 want: ^2.4.2
26 warn ERESOLVE overriding peer dependency {
26 warn ERESOLVE   code: 'ERESOLVE',
26 warn ERESOLVE   edge: {
26 warn ERESOLVE     type: 'peerOptional',
26 warn ERESOLVE     name: 'yaml',
26 warn ERESOLVE     spec: '^2.4.2',
26 warn ERESOLVE     error: 'INVALID',
26 warn ERESOLVE     from: {
26 warn ERESOLVE       name: 'postcss-load-config',
26 warn ERESOLVE       version: '6.0.1',
26 warn ERESOLVE       location: 'node_modules/tailwindcss/node_modules/postcss-load-config',
26 warn ERESOLVE       isWorkspace: false,
26 warn ERESOLVE       dependents: [Array]
26 warn ERESOLVE     }
26 warn ERESOLVE   },
26 warn ERESOLVE   dep: {
26 warn ERESOLVE     name: 'yaml',
26 warn ERESOLVE     version: undefined,
26 warn ERESOLVE     errors: [ [FetchError] ],
26 warn ERESOLVE     package: {},
26 warn ERESOLVE     whileInstalling: {
26 warn ERESOLVE       name: 'postcss-load-config',
26 warn ERESOLVE       version: '6.0.1',
26 warn ERESOLVE       path: 'C:\\Users\\VICTUS\\OneDrive\\Desktop\\PROJECTS\\NAPLET\\naplet\\node_modules\\tailwindcss\\node_modules\\postcss-load-config'
26 warn ERESOLVE     },
26 warn ERESOLVE     location: 'node_modules/yaml',
26 warn ERESOLVE     isWorkspace: false,
26 warn ERESOLVE     dependents: [ [Object] ]
26 warn ERESOLVE   },
26 warn ERESOLVE   force: false,
26 warn ERESOLVE   isMine: false,
26 warn ERESOLVE   strictPeerDeps: false,
26 warn ERESOLVE   current: {
26 warn ERESOLVE     name: 'yaml',
26 warn ERESOLVE     version: undefined,
26 warn ERESOLVE     errors: [ [FetchError] ],
26 warn ERESOLVE     package: {},
26 warn ERESOLVE     location: 'node_modules/tailwindcss/node_modules/yaml',
26 warn ERESOLVE     isWorkspace: false,
26 warn ERESOLVE     dependents: []
26 warn ERESOLVE   }
26 warn ERESOLVE }
27 verbose type system
28 verbose stack FetchError: request to https://registry.npmjs.org/unicornstudio-react failed, reason: 
28 verbose stack     at ClientRequest.<anonymous> (C:\Program Files\nodejs\node_modules\npm\node_modules\minipass-fetch\lib\index.js:130:14)
28 verbose stack     at ClientRequest.emit (node:events:508:20)
28 verbose stack     at emitErrorEvent (node:_http_client:108:11)
28 verbose stack     at _destroy (node:_http_client:963:9)
28 verbose stack     at onSocketNT (node:_http_client:983:5)
28 verbose stack     at process.processTicksAndRejections (node:internal/process/task_queues:91:21)
29 error code EACCES
30 error errno EACCES
31 error FetchError: request to https://registry.npmjs.org/unicornstudio-react failed, reason: 
31 error     at ClientRequest.<anonymous> (C:\Program Files\nodejs\node_modules\npm\node_modules\minipass-fetch\lib\index.js:130:14)
31 error     at ClientRequest.emit (node:events:508:20)
31 error     at emitErrorEvent (node:_http_client:108:11)
31 error     at _destroy (node:_http_client:963:9)
31 error     at onSocketNT (node:_http_client:983:5)
31 error     at process.processTicksAndRejections (node:internal/process/task_queues:91:21) {
31 error   code: 'EACCES',
31 error   errno: 'EACCES',
31 error   type: 'system',
31 error   requiredBy: '.'
31 error }
32 error
32 error The operation was rejected by your operating system.
32 error It's possible that the file was already in use (by a text editor or antivirus),
32 error or that you lack permissions to access it.
32 error
32 error If you believe this might be a permissions issue, please double-check the
32 error permissions of the file and its containing directories, or try running
32 error the command again as root/Administrator.
33 silly unfinished npm timer reify 1774194236724
34 silly unfinished npm timer reify:loadTrees 1774194236728
35 verbose cwd C:\Users\VICTUS\OneDrive\Desktop\PROJECTS\NAPLET\naplet
36 verbose os Windows_NT 10.0.26200
37 verbose node v25.4.0
38 verbose npm  v11.7.0
39 verbose exit 1
40 verbose code 1
41 error A complete log of this run can be found in: C:\Users\VICTUS\OneDrive\Desktop\PROJECTS\NAPLET\naplet\.npm-cache\_logs\2026-03-22T15_43_55_196Z-debug-0.log
